{
    "timestamp": "23:53:14 27-08-2024 ",
    "status": "Thành công ",
    "order_id": "DH1148441",
    "amount": "195,000",
    "currency": "VND",
    "payment_method": "VNPAY",
    "bankpayment": "",
    "message": ""
}
{
    "timestamp": "23:53:44 27-08-2024 ",
    "status": "Thành công ",
    "order_id": "DH1148441",
    "amount": "195,000",
    "currency": "VND",
    "payment_method": "VNPAY",
    "bankpayment": "NCB",
    "message": "Giao dịch thành công"
}
{
    "timestamp": "17:14:35 28-08-2024 ",
    "status": "Thành công ",
    "order_id": "DH6728442",
    "amount": "120,000",
    "currency": "VND",
    "payment_method": "VNPAY",
    "bankpayment": "",
    "message": ""
}
{
    "timestamp": "17:14:44 28-08-2024 ",
    "status": "Thất bại ",
    "order_id": "DH6728442",
    "amount": "120,000",
    "currency": "VND",
    "payment_method": "VNPAY",
    "bankpayment": "VNPAY",
    "message": "Giao dịch không thành công do: Khách hàng hủy giao dịch."
}
{
    "timestamp": "17:23:21 28-08-2024 ",
    "status": "Thành công ",
    "order_id": "DH8721443",
    "amount": "120,000",
    "currency": "VND",
    "payment_method": "VNPAY",
    "bankpayment": "",
    "message": ""
}
{
    "timestamp": "17:23:31 28-08-2024 ",
    "status": "Thất bại ",
    "order_id": "DH8721443",
    "amount": "120,000",
    "currency": "VND",
    "payment_method": "VNPAY",
    "bankpayment": "VNPAY",
    "message": "Giao dịch không thành công do: Khách hàng hủy giao dịch."
}
{
    "timestamp": "17:25:05 28-08-2024 ",
    "status": "Thành công ",
    "order_id": "DH8432444",
    "amount": "120,000",
    "currency": "VND",
    "payment_method": "VNPAY",
    "bankpayment": "",
    "message": ""
}
{
    "timestamp": "17:25:12 28-08-2024 ",
    "status": "Thất bại ",
    "order_id": "DH8432444",
    "amount": "120,000",
    "currency": "VND",
    "payment_method": "VNPAY",
    "bankpayment": "VNPAY",
    "message": "Giao dịch không thành công do: Khách hàng hủy giao dịch."
}
{
    "timestamp": "17:29:53 28-08-2024 ",
    "status": "Thành công ",
    "order_id": "DH9504445",
    "amount": "120,000",
    "currency": "VND",
    "payment_method": "VNPAY",
    "bankpayment": "",
    "message": ""
}
{
    "timestamp": "17:30:01 28-08-2024 ",
    "status": "Thất bại ",
    "order_id": "DH9504445",
    "amount": "120,000",
    "currency": "VND",
    "payment_method": "VNPAY",
    "bankpayment": "VNPAY",
    "message": "Giao dịch không thành công do: Khách hàng hủy giao dịch."
}
{
    "timestamp": "17:31:00 28-08-2024 ",
    "status": "Thành công ",
    "order_id": "DH5391446",
    "amount": "120,000",
    "currency": "VND",
    "payment_method": "VNPAY",
    "bankpayment": "",
    "message": ""
}
{
    "timestamp": "17:31:10 28-08-2024 ",
    "status": "Thất bại ",
    "order_id": "DH5391446",
    "amount": "120,000",
    "currency": "VND",
    "payment_method": "VNPAY",
    "bankpayment": "VNPAY",
    "message": "Giao dịch không thành công do: Khách hàng hủy giao dịch."
}
{
    "timestamp": "17:36:42 28-08-2024 ",
    "status": "Thành công ",
    "order_id": "DH5445447",
    "amount": "120,000",
    "currency": "VND",
    "payment_method": "VNPAY",
    "bankpayment": "",
    "message": ""
}
{
    "timestamp": "17:37:19 28-08-2024 ",
    "status": "Thất bại ",
    "order_id": "DH5445447",
    "amount": "120,000",
    "currency": "VND",
    "payment_method": "VNPAY",
    "bankpayment": "NCB",
    "message": "Giao dịch không thành công do: Khách hàng hủy giao dịch."
}
{
    "timestamp": "17:37:43 28-08-2024 ",
    "status": "Thành công ",
    "order_id": "DH6438448",
    "amount": "120,000",
    "currency": "VND",
    "payment_method": "Thanh toán tại cửa hàng",
    "bankpayment": "",
    "message": ""
}
{
    "timestamp": "17:38:06 28-08-2024 ",
    "status": "Thành công ",
    "order_id": "DH2325449",
    "amount": "120,000",
    "currency": "VND",
    "payment_method": "VNPAY",
    "bankpayment": "",
    "message": ""
}
{
    "timestamp": "17:53:57 28-08-2024 ",
    "status": "Thất bại ",
    "order_id": "DH2325449",
    "amount": "120,000",
    "currency": "VND",
    "payment_method": "VNPAY",
    "bankpayment": "EXIMBANK",
    "message": "Mã lỗi không hợp lệ."
}
{
    "timestamp": "18:04:13 28-08-2024 ",
    "status": "Thành công ",
    "order_id": "DH6225450",
    "amount": "120,000",
    "currency": "VND",
    "payment_method": "VNPAY",
    "bankpayment": "",
    "message": ""
}
{
    "timestamp": "11:07:36 28-08-2024 ",
    "status": "Thành công ",
    "order_id": "DH4131451",
    "amount": "280,000",
    "currency": "VND",
    "payment_method": "VNPAY",
    "bankpayment": "",
    "message": ""
}
{
    "timestamp": "11:07:45 28-08-2024 ",
    "status": "Thất bại ",
    "order_id": "DH4131451",
    "amount": "280,000",
    "currency": "VND",
    "payment_method": "VNPAY",
    "bankpayment": "VNPAY",
    "message": "Giao dịch không thành công do: Khách hàng hủy giao dịch."
}
{
    "timestamp": "11:34:20 28-08-2024 ",
    "status": "Thành công ",
    "order_id": "DH7584452",
    "amount": "120,000",
    "currency": "VND",
    "payment_method": "VNPAY",
    "bankpayment": "",
    "message": ""
}
{
    "timestamp": "11:34:27 28-08-2024 ",
    "status": "Thất bại ",
    "order_id": "DH7584452",
    "amount": "120,000",
    "currency": "VND",
    "payment_method": "VNPAY",
    "bankpayment": "VNPAY",
    "message": "Giao dịch không thành công do: Khách hàng hủy giao dịch."
}
{
    "timestamp": "11:35:31 28-08-2024 ",
    "status": "Thành công ",
    "order_id": "DH3487453",
    "amount": "120,000",
    "currency": "VND",
    "payment_method": "VNPAY",
    "bankpayment": "",
    "message": ""
}
{
    "timestamp": "11:36:02 28-08-2024 ",
    "status": "Thất bại ",
    "order_id": "DH3487453",
    "amount": "120,000",
    "currency": "VND",
    "payment_method": "VNPAY",
    "bankpayment": "VNPAY",
    "message": "Giao dịch không thành công do: Khách hàng hủy giao dịch."
}
{
    "timestamp": "11:37:09 28-08-2024 ",
    "status": "Thành công ",
    "order_id": "DH9685454",
    "amount": "120,000",
    "currency": "VND",
    "payment_method": "VNPAY",
    "bankpayment": "",
    "message": ""
}
{
    "timestamp": "11:37:26 28-08-2024 ",
    "status": "Thất bại ",
    "order_id": "DH9685454",
    "amount": "120,000",
    "currency": "VND",
    "payment_method": "VNPAY",
    "bankpayment": "VNPAY",
    "message": "Giao dịch không thành công do: Khách hàng hủy giao dịch."
}
{
    "timestamp": "11:38:43 28-08-2024 ",
    "status": "Thành công ",
    "order_id": "DH8161455",
    "amount": "120,000",
    "currency": "VND",
    "payment_method": "VNPAY",
    "bankpayment": "",
    "message": ""
}
{
    "timestamp": "11:39:01 28-08-2024 ",
    "status": "Thất bại ",
    "order_id": "DH8161455",
    "amount": "120,000",
    "currency": "VND",
    "payment_method": "VNPAY",
    "bankpayment": "VNPAY",
    "message": "Giao dịch không thành công do: Khách hàng hủy giao dịch."
}
{
    "timestamp": "11:49:54 28-08-2024 ",
    "status": "Thành công",
    "order_id": "DH1516456",
    "amount": "120,000",
    "currency": "VND",
    "payment_method": "VNPAY",
    "bankpayment": "",
    "message": ""
}
{
    "timestamp": "11:50:02 28-08-2024 ",
    "status": "Thất bại",
    "order_id": "DH1516456",
    "amount": "120,000",
    "currency": "VND",
    "payment_method": "VNPAY",
    "bankpayment": "VNPAY",
    "message": "Giao dịch không thành công do: Khách hàng hủy giao dịch."
}
{
    "timestamp": "14:20:04 28-08-2024 ",
    "status": "Thành công",
    "order_id": "DH4021457",
    "amount": "120,000",
    "currency": "VND",
    "payment_method": "VNPAY",
    "bankpayment": "",
    "message": ""
}
{
    "timestamp": "14:20:20 28-08-2024 ",
    "status": "Thành công",
    "order_id": "DH6190458",
    "amount": "120,000",
    "currency": "VND",
    "payment_method": "VNPAY",
    "bankpayment": "",
    "message": ""
}
{
    "timestamp": "14:20:26 28-08-2024 ",
    "status": "Thành công",
    "order_id": "DH8024459",
    "amount": "120,000",
    "currency": "VND",
    "payment_method": "VNPAY",
    "bankpayment": "",
    "message": ""
}
{
    "timestamp": "14:20:52 28-08-2024 ",
    "status": "Thành công",
    "order_id": "DH4595460",
    "amount": "120,000",
    "currency": "VND",
    "payment_method": "VNPAY",
    "bankpayment": "",
    "message": ""
}
{
    "timestamp": "14:31:43 28-08-2024 ",
    "status": "Thành công",
    "order_id": "DH2542461",
    "amount": "120,000",
    "currency": "VND",
    "payment_method": "VNPAY",
    "bankpayment": "",
    "message": ""
}
{
    "timestamp": "14:31:47 28-08-2024 ",
    "status": "Thành công",
    "order_id": "DH9650462",
    "amount": "120,000",
    "currency": "VND",
    "payment_method": "VNPAY",
    "bankpayment": "",
    "message": ""
}
{
    "timestamp": "14:31:50 28-08-2024 ",
    "status": "Thành công",
    "order_id": "DH3491463",
    "amount": "120,000",
    "currency": "VND",
    "payment_method": "VNPAY",
    "bankpayment": "",
    "message": ""
}
{
    "timestamp": "14:32:10 28-08-2024 ",
    "status": "Thành công",
    "order_id": "DH9014464",
    "amount": "120,000",
    "currency": "VND",
    "payment_method": "VNPAY",
    "bankpayment": "",
    "message": ""
}
{
    "timestamp": "14:32:18 28-08-2024 ",
    "status": "Thành công",
    "order_id": "DH2974465",
    "amount": "120,000",
    "currency": "VND",
    "payment_method": "VNPAY",
    "bankpayment": "",
    "message": ""
}
{
    "timestamp": "14:42:38 28-08-2024 ",
    "status": "Thành công",
    "order_id": "DH1585466",
    "amount": "120,000",
    "currency": "VND",
    "payment_method": "VNPAY",
    "bankpayment": "",
    "message": ""
}
{
    "timestamp": "14:42:40 28-08-2024 ",
    "status": "Thành công",
    "order_id": "DH7543467",
    "amount": "120,000",
    "currency": "VND",
    "payment_method": "VNPAY",
    "bankpayment": "",
    "message": ""
}
{
    "timestamp": "14:42:42 28-08-2024 ",
    "status": "Thành công",
    "order_id": "DH9717468",
    "amount": "120,000",
    "currency": "VND",
    "payment_method": "VNPAY",
    "bankpayment": "",
    "message": ""
}
{
    "timestamp": "14:43:09 28-08-2024 ",
    "status": "Thành công",
    "order_id": "DH3914469",
    "amount": "120,000",
    "currency": "VND",
    "payment_method": "VNPAY",
    "bankpayment": "",
    "message": ""
}
{
    "timestamp": "14:43:13 28-08-2024 ",
    "status": "Thành công",
    "order_id": "DH6856470",
    "amount": "120,000",
    "currency": "VND",
    "payment_method": "VNPAY",
    "bankpayment": "",
    "message": ""
}
{
    "timestamp": "14:44:36 28-08-2024 ",
    "status": "Thành công ",
    "order_id": "DH5993471",
    "amount": "120,000",
    "currency": "VND",
    "payment_method": "VNPAY",
    "bankpayment": "",
    "message": ""
}
{
    "timestamp": "14:45:14 28-08-2024 ",
    "status": "Thất bại ",
    "order_id": "DH5993471",
    "amount": "120,000",
    "currency": "VND",
    "payment_method": "VNPAY",
    "bankpayment": "VNPAY",
    "message": "Giao dịch không thành công do: Khách hàng hủy giao dịch."
}
{
    "timestamp": "14:50:39 28-08-2024 ",
    "status": "Thành công ",
    "order_id": "DH1889472",
    "amount": "120,000",
    "currency": "VND",
    "payment_method": "VNPAY",
    "bankpayment": "",
    "message": ""
}
{
    "timestamp": "14:51:40 28-08-2024 ",
    "status": "Thất bại ",
    "order_id": "DH1889472",
    "amount": "120,000",
    "currency": "VND",
    "payment_method": "VNPAY",
    "bankpayment": "VNPAY",
    "message": "Giao dịch không thành công do: Khách hàng hủy giao dịch."
}
{
    "timestamp": "14:53:22 28-08-2024 ",
    "status": "Thành công ",
    "order_id": "DH4296473",
    "amount": "120,000",
    "currency": "VND",
    "payment_method": "VNPAY",
    "bankpayment": "",
    "message": ""
}
{
    "timestamp": "14:55:20 28-08-2024 ",
    "status": "Thất bại ",
    "order_id": "DH4296473",
    "amount": "120,000",
    "currency": "VND",
    "payment_method": "VNPAY",
    "bankpayment": "VNPAY",
    "message": "Giao dịch không thành công do: Khách hàng hủy giao dịch."
}
{
    "timestamp": "14:58:38 28-08-2024 ",
    "status": "Thành công ",
    "order_id": "DH4181474",
    "amount": "120,000",
    "currency": "VND",
    "payment_method": "VNPAY",
    "bankpayment": "",
    "message": ""
}
{
    "timestamp": "14:58:58 28-08-2024 ",
    "status": "Thất bại ",
    "order_id": "DH4181474",
    "amount": "120,000",
    "currency": "VND",
    "payment_method": "VNPAY",
    "bankpayment": "VNPAY",
    "message": "Giao dịch không thành công do: Khách hàng hủy giao dịch."
}
{
    "timestamp": "22:14:30 28-08-2024 ",
    "status": "Thành công ",
    "order_id": "DH2694475",
    "amount": "120,000",
    "currency": "VND",
    "payment_method": "VNPAY",
    "bankpayment": "",
    "message": ""
}
{
    "timestamp": "22:14:41 28-08-2024 ",
    "status": "Thất bại ",
    "order_id": "DH2694475",
    "amount": "120,000",
    "currency": "VND",
    "payment_method": "VNPAY",
    "bankpayment": "VNPAY",
    "message": "Giao dịch không thành công do: Khách hàng hủy giao dịch."
}
{
    "timestamp": "22:21:35 28-08-2024 ",
    "status": "Thành công ",
    "order_id": "DH5559476",
    "amount": "285,000",
    "currency": "VND",
    "payment_method": "VNPAY",
    "bankpayment": "",
    "message": ""
}
{
    "timestamp": "22:23:09 28-08-2024 ",
    "status": "Thành công ",
    "order_id": "DH4591477",
    "amount": "120,000",
    "currency": "VND",
    "payment_method": "VNPAY",
    "bankpayment": "",
    "message": ""
}
{
    "timestamp": "22:23:58 28-08-2024 ",
    "status": "Thành công ",
    "order_id": "DH9120478",
    "amount": "120,000",
    "currency": "VND",
    "payment_method": "VNPAY",
    "bankpayment": "",
    "message": ""
}
{
    "timestamp": "22:24:10 28-08-2024 ",
    "status": "Thất bại ",
    "order_id": "DH9120478",
    "amount": "120,000",
    "currency": "VND",
    "payment_method": "VNPAY",
    "bankpayment": "VNPAY",
    "message": "Giao dịch không thành công do: Khách hàng hủy giao dịch."
}
{
    "timestamp": "22:25:47 28-08-2024 ",
    "status": "Thành công ",
    "order_id": "DH7588479",
    "amount": "120,000",
    "currency": "VND",
    "payment_method": "Thanh toán tại cửa hàng",
    "bankpayment": "",
    "message": ""
}
{
    "timestamp": "22:26:13 28-08-2024 ",
    "status": "Thành công ",
    "order_id": "DH7747480",
    "amount": "195,000",
    "currency": "VND",
    "payment_method": "Thanh toán qua chuyển khoản",
    "bankpayment": "",
    "message": ""
}
{
    "timestamp": "22:26:51 28-08-2024 ",
    "status": "Thành công ",
    "order_id": "DH7102481",
    "amount": "195,000",
    "currency": "VND",
    "payment_method": "VNPAY",
    "bankpayment": "",
    "message": ""
}
{
    "timestamp": "22:28:18 28-08-2024 ",
    "status": "Thất bại ",
    "order_id": "DH7102481",
    "amount": "195,000",
    "currency": "VND",
    "payment_method": "VNPAY",
    "bankpayment": "EXIMBANK",
    "message": "Giao dịch không thành công do: Khách hàng hủy giao dịch."
}
{
    "timestamp": "22:28:48 28-08-2024 ",
    "status": "Thành công ",
    "order_id": "DH4559482",
    "amount": "120,000",
    "currency": "VND",
    "payment_method": "VNPAY",
    "bankpayment": "",
    "message": ""
}
{
    "timestamp": "22:29:19 28-08-2024 ",
    "status": "Thành công ",
    "order_id": "DH4559482",
    "amount": "120,000",
    "currency": "VND",
    "payment_method": "VNPAY",
    "bankpayment": "NCB",
    "message": "Giao dịch thành công"
}
{
    "timestamp": "22:30:36 28-08-2024 ",
    "status": "Thành công ",
    "order_id": "DH7385483",
    "amount": "280,000",
    "currency": "VND",
    "payment_method": "VNPAY",
    "bankpayment": "",
    "message": ""
}
{
    "timestamp": "22:30:49 28-08-2024 ",
    "status": "Thất bại ",
    "order_id": "DH7385483",
    "amount": "280,000",
    "currency": "VND",
    "payment_method": "VNPAY",
    "bankpayment": "VNPAY",
    "message": "Giao dịch không thành công do: Khách hàng hủy giao dịch."
}
{
    "timestamp": "22:31:31 28-08-2024 ",
    "status": "Thành công",
    "order_id": "DH4490484",
    "amount": "280,000",
    "currency": "VND",
    "payment_method": "VNPAY",
    "bankpayment": "",
    "message": ""
}
{
    "timestamp": "22:32:32 28-08-2024 ",
    "status": "Thành công",
    "order_id": "DH4490484",
    "amount": "280,000",
    "currency": "VND",
    "payment_method": "VNPAY",
    "bankpayment": "VISA",
    "message": "Giao dịch thành công"
}
{
    "timestamp": "22:33:05 28-08-2024 ",
    "status": "Thành công",
    "order_id": "DH5445485",
    "amount": "120,000",
    "currency": "VND",
    "payment_method": "VNPAY",
    "bankpayment": "",
    "message": ""
}
{
    "timestamp": "22:33:13 28-08-2024 ",
    "status": "Thất bại",
    "order_id": "DH5445485",
    "amount": "120,000",
    "currency": "VND",
    "payment_method": "VNPAY",
    "bankpayment": "VNPAY",
    "message": "Giao dịch không thành công do: Khách hàng hủy giao dịch."
}
{
    "timestamp": "22:38:39 28-08-2024 ",
    "status": "Thành công",
    "order_id": "DH2373486",
    "amount": "120,000",
    "currency": "VND",
    "payment_method": "VNPAY",
    "bankpayment": "",
    "message": ""
}
{
    "timestamp": "22:38:58 28-08-2024 ",
    "status": "Thất bại",
    "order_id": "DH2373486",
    "amount": "120,000",
    "currency": "VND",
    "payment_method": "VNPAY",
    "bankpayment": "VNPAY",
    "message": "Giao dịch không thành công do: Khách hàng hủy giao dịch."
}
{
    "timestamp": "22:59:40 28-08-2024 ",
    "status": "Thất bại",
    "order_id": "DH3008487",
    "amount": "120,000",
    "currency": "VND",
    "payment_method": "VNPAY",
    "bankpayment": "",
    "message": ""
}
{
    "timestamp": "23:01:25 28-08-2024 ",
    "status": "",
    "order_id": "DH2464488",
    "amount": "120,000",
    "currency": "VND",
    "payment_method": "VNPAY",
    "bankpayment": "",
    "message": ""
}
{
    "timestamp": "23:02:20 28-08-2024 ",
    "status": "",
    "order_id": "DH2464488",
    "amount": "120,000",
    "currency": "VND",
    "payment_method": "VNPAY",
    "bankpayment": "VNPAY",
    "message": "Giao dịch không thành công do: Khách hàng hủy giao dịch."
}
{
    "timestamp": "23:03:43 28-08-2024 ",
    "status": "",
    "order_id": "DH7100489",
    "amount": "120,000",
    "currency": "VND",
    "payment_method": "VNPAY",
    "bankpayment": "",
    "message": ""
}
{
    "timestamp": "23:03:53 28-08-2024 ",
    "status": "Thất bại",
    "order_id": "DH7100489",
    "amount": "120,000",
    "currency": "VND",
    "payment_method": "VNPAY",
    "bankpayment": "VNPAY",
    "message": "Giao dịch không thành công do: Khách hàng hủy giao dịch."
}
{
    "timestamp": "23:08:37 28-08-2024 ",
    "status": "",
    "order_id": "DH8549490",
    "amount": "120,000",
    "currency": "VND",
    "payment_method": "VNPAY",
    "bankpayment": "",
    "message": ""
}
{
    "timestamp": "23:08:51 28-08-2024 ",
    "status": "Thất bại",
    "order_id": "DH8549490",
    "amount": "120,000",
    "currency": "VND",
    "payment_method": "VNPAY",
    "bankpayment": "VNPAY",
    "message": "Giao dịch không thành công do: Khách hàng hủy giao dịch."
}
{
    "timestamp": "23:09:55 28-08-2024 ",
    "status": "",
    "order_id": "DH7657491",
    "amount": "120,000",
    "currency": "VND",
    "payment_method": "VNPAY",
    "bankpayment": "",
    "message": ""
}
{
    "timestamp": "23:10:49 28-08-2024 ",
    "status": "Thành công",
    "order_id": "DH7657491",
    "amount": "120,000",
    "currency": "VND",
    "payment_method": "VNPAY",
    "bankpayment": "NCB",
    "message": "Giao dịch thành công"
}
{
    "timestamp": "23:13:58 28-08-2024 ",
    "status": "",
    "order_id": "DH7909492",
    "amount": "120,000",
    "currency": "VND",
    "payment_method": "Thanh toán tại cửa hàng",
    "bankpayment": "",
    "message": ""
}
{
    "timestamp": "17:07:42 29-08-2024 ",
    "status": "",
    "order_id": "DH5281493",
    "amount": "120,000",
    "currency": "VND",
    "payment_method": "VNPAY",
    "bankpayment": "",
    "message": ""
}
{
    "timestamp": "17:08:43 29-08-2024 ",
    "status": "Thành công",
    "order_id": "DH5281493",
    "amount": "120,000",
    "currency": "VND",
    "payment_method": "VNPAY",
    "bankpayment": "NCB",
    "message": "Giao dịch thành công"
}
{
    "timestamp": "23:01:25 29-08-2024 ",
    "status": "",
    "order_id": "DH6504494",
    "amount": "120,000",
    "currency": "VND",
    "payment_method": "VNPAY",
    "bankpayment": "",
    "message": ""
}
{
    "timestamp": "23:01:37 29-08-2024 ",
    "status": "Thất bại",
    "order_id": "DH6504494",
    "amount": "120,000",
    "currency": "VND",
    "payment_method": "VNPAY",
    "bankpayment": "VNPAY",
    "message": "Giao dịch không thành công do: Khách hàng hủy giao dịch."
}
{
    "timestamp": "21:41:16 06-09-2024 ",
    "status": "",
    "order_id": "DH2007495",
    "amount": "280,000",
    "currency": "VND",
    "payment_method": "VNPAY",
    "bankpayment": "",
    "message": ""
}
{
    "timestamp": "21:42:17 06-09-2024 ",
    "status": "",
    "order_id": "DH6137496",
    "amount": "195,000",
    "currency": "VND",
    "payment_method": "VNPAY",
    "bankpayment": "",
    "message": ""
}
{
    "timestamp": "21:42:27 06-09-2024 ",
    "status": "Thất bại",
    "order_id": "DH6137496",
    "amount": "195,000",
    "currency": "VND",
    "payment_method": "VNPAY",
    "bankpayment": "VNPAY",
    "message": "Giao dịch không thành công do: Khách hàng hủy giao dịch."
}
